

Started GET "/tasks" for 127.0.0.1 at 2015-12-25 15:22:07 +0900

ActiveRecord::PendingMigrationError (

Migrations are pending. To resolve this issue, run:

	bin/rake db:migrate RAILS_ENV=development

):
  activerecord (4.1.8) lib/active_record/migration.rb:389:in `check_pending!'
  activerecord (4.1.8) lib/active_record/migration.rb:377:in `call'
  actionpack (4.1.8) lib/action_dispatch/middleware/callbacks.rb:29:in `block in call'
  activesupport (4.1.8) lib/active_support/callbacks.rb:82:in `run_callbacks'
  actionpack (4.1.8) lib/action_dispatch/middleware/callbacks.rb:27:in `call'
  actionpack (4.1.8) lib/action_dispatch/middleware/reloader.rb:73:in `call'
  actionpack (4.1.8) lib/action_dispatch/middleware/remote_ip.rb:76:in `call'
  actionpack (4.1.8) lib/action_dispatch/middleware/debug_exceptions.rb:17:in `call'
  actionpack (4.1.8) lib/action_dispatch/middleware/show_exceptions.rb:30:in `call'
  railties (4.1.8) lib/rails/rack/logger.rb:38:in `call_app'
  railties (4.1.8) lib/rails/rack/logger.rb:20:in `block in call'
  activesupport (4.1.8) lib/active_support/tagged_logging.rb:68:in `block in tagged'
  activesupport (4.1.8) lib/active_support/tagged_logging.rb:26:in `tagged'
  activesupport (4.1.8) lib/active_support/tagged_logging.rb:68:in `tagged'
  railties (4.1.8) lib/rails/rack/logger.rb:20:in `call'
  actionpack (4.1.8) lib/action_dispatch/middleware/request_id.rb:21:in `call'
  rack (1.5.5) lib/rack/methodoverride.rb:21:in `call'
  rack (1.5.5) lib/rack/runtime.rb:17:in `call'
  activesupport (4.1.8) lib/active_support/cache/strategy/local_cache_middleware.rb:26:in `call'
  rack (1.5.5) lib/rack/lock.rb:17:in `call'
  actionpack (4.1.8) lib/action_dispatch/middleware/static.rb:84:in `call'
  rack (1.5.5) lib/rack/sendfile.rb:112:in `call'
  railties (4.1.8) lib/rails/engine.rb:514:in `call'
  railties (4.1.8) lib/rails/application.rb:144:in `call'
  rack (1.5.5) lib/rack/lock.rb:17:in `call'
  rack (1.5.5) lib/rack/content_length.rb:14:in `call'
  rack (1.5.5) lib/rack/handler/webrick.rb:60:in `service'
  C:/RailsInstaller/Ruby2.1.0/lib/ruby/2.1.0/webrick/httpserver.rb:138:in `service'
  C:/RailsInstaller/Ruby2.1.0/lib/ruby/2.1.0/webrick/httpserver.rb:94:in `run'
  C:/RailsInstaller/Ruby2.1.0/lib/ruby/2.1.0/webrick/server.rb:295:in `block in start_thread'


  Rendered C:/RailsInstaller/Ruby2.1.0/lib/ruby/gems/2.1.0/gems/actionpack-4.1.8/lib/action_dispatch/middleware/templates/rescues/_source.erb (0.0ms)
  Rendered C:/RailsInstaller/Ruby2.1.0/lib/ruby/gems/2.1.0/gems/actionpack-4.1.8/lib/action_dispatch/middleware/templates/rescues/_trace.html.erb (1.0ms)
  Rendered C:/RailsInstaller/Ruby2.1.0/lib/ruby/gems/2.1.0/gems/actionpack-4.1.8/lib/action_dispatch/middleware/templates/rescues/_request_and_response.html.erb (1.0ms)
  Rendered C:/RailsInstaller/Ruby2.1.0/lib/ruby/gems/2.1.0/gems/actionpack-4.1.8/lib/action_dispatch/middleware/templates/rescues/diagnostics.erb within rescues/layout (149.0ms)


Started GET "/task" for 127.0.0.1 at 2015-12-25 15:22:22 +0900

ActiveRecord::PendingMigrationError (

Migrations are pending. To resolve this issue, run:

	bin/rake db:migrate RAILS_ENV=development

):
  activerecord (4.1.8) lib/active_record/migration.rb:389:in `check_pending!'
  activerecord (4.1.8) lib/active_record/migration.rb:377:in `call'
  actionpack (4.1.8) lib/action_dispatch/middleware/callbacks.rb:29:in `block in call'
  activesupport (4.1.8) lib/active_support/callbacks.rb:82:in `run_callbacks'
  actionpack (4.1.8) lib/action_dispatch/middleware/callbacks.rb:27:in `call'
  actionpack (4.1.8) lib/action_dispatch/middleware/reloader.rb:73:in `call'
  actionpack (4.1.8) lib/action_dispatch/middleware/remote_ip.rb:76:in `call'
  actionpack (4.1.8) lib/action_dispatch/middleware/debug_exceptions.rb:17:in `call'
  actionpack (4.1.8) lib/action_dispatch/middleware/show_exceptions.rb:30:in `call'
  railties (4.1.8) lib/rails/rack/logger.rb:38:in `call_app'
  railties (4.1.8) lib/rails/rack/logger.rb:20:in `block in call'
  activesupport (4.1.8) lib/active_support/tagged_logging.rb:68:in `block in tagged'
  activesupport (4.1.8) lib/active_support/tagged_logging.rb:26:in `tagged'
  activesupport (4.1.8) lib/active_support/tagged_logging.rb:68:in `tagged'
  railties (4.1.8) lib/rails/rack/logger.rb:20:in `call'
  actionpack (4.1.8) lib/action_dispatch/middleware/request_id.rb:21:in `call'
  rack (1.5.5) lib/rack/methodoverride.rb:21:in `call'
  rack (1.5.5) lib/rack/runtime.rb:17:in `call'
  activesupport (4.1.8) lib/active_support/cache/strategy/local_cache_middleware.rb:26:in `call'
  rack (1.5.5) lib/rack/lock.rb:17:in `call'
  actionpack (4.1.8) lib/action_dispatch/middleware/static.rb:84:in `call'
  rack (1.5.5) lib/rack/sendfile.rb:112:in `call'
  railties (4.1.8) lib/rails/engine.rb:514:in `call'
  railties (4.1.8) lib/rails/application.rb:144:in `call'
  rack (1.5.5) lib/rack/lock.rb:17:in `call'
  rack (1.5.5) lib/rack/content_length.rb:14:in `call'
  rack (1.5.5) lib/rack/handler/webrick.rb:60:in `service'
  C:/RailsInstaller/Ruby2.1.0/lib/ruby/2.1.0/webrick/httpserver.rb:138:in `service'
  C:/RailsInstaller/Ruby2.1.0/lib/ruby/2.1.0/webrick/httpserver.rb:94:in `run'
  C:/RailsInstaller/Ruby2.1.0/lib/ruby/2.1.0/webrick/server.rb:295:in `block in start_thread'


  Rendered C:/RailsInstaller/Ruby2.1.0/lib/ruby/gems/2.1.0/gems/actionpack-4.1.8/lib/action_dispatch/middleware/templates/rescues/_source.erb (1.0ms)
  Rendered C:/RailsInstaller/Ruby2.1.0/lib/ruby/gems/2.1.0/gems/actionpack-4.1.8/lib/action_dispatch/middleware/templates/rescues/_trace.html.erb (2.0ms)
  Rendered C:/RailsInstaller/Ruby2.1.0/lib/ruby/gems/2.1.0/gems/actionpack-4.1.8/lib/action_dispatch/middleware/templates/rescues/_request_and_response.html.erb (4.0ms)
  Rendered C:/RailsInstaller/Ruby2.1.0/lib/ruby/gems/2.1.0/gems/actionpack-4.1.8/lib/action_dispatch/middleware/templates/rescues/diagnostics.erb within rescues/layout (62.0ms)


Started GET "/tasks" for 127.0.0.1 at 2015-12-25 15:32:08 +0900

ActiveRecord::PendingMigrationError (

Migrations are pending. To resolve this issue, run:

	bin/rake db:migrate RAILS_ENV=development

):
  activerecord (4.1.8) lib/active_record/migration.rb:389:in `check_pending!'
  activerecord (4.1.8) lib/active_record/migration.rb:377:in `call'
  actionpack (4.1.8) lib/action_dispatch/middleware/callbacks.rb:29:in `block in call'
  activesupport (4.1.8) lib/active_support/callbacks.rb:82:in `run_callbacks'
  actionpack (4.1.8) lib/action_dispatch/middleware/callbacks.rb:27:in `call'
  actionpack (4.1.8) lib/action_dispatch/middleware/reloader.rb:73:in `call'
  actionpack (4.1.8) lib/action_dispatch/middleware/remote_ip.rb:76:in `call'
  actionpack (4.1.8) lib/action_dispatch/middleware/debug_exceptions.rb:17:in `call'
  actionpack (4.1.8) lib/action_dispatch/middleware/show_exceptions.rb:30:in `call'
  railties (4.1.8) lib/rails/rack/logger.rb:38:in `call_app'
  railties (4.1.8) lib/rails/rack/logger.rb:20:in `block in call'
  activesupport (4.1.8) lib/active_support/tagged_logging.rb:68:in `block in tagged'
  activesupport (4.1.8) lib/active_support/tagged_logging.rb:26:in `tagged'
  activesupport (4.1.8) lib/active_support/tagged_logging.rb:68:in `tagged'
  railties (4.1.8) lib/rails/rack/logger.rb:20:in `call'
  actionpack (4.1.8) lib/action_dispatch/middleware/request_id.rb:21:in `call'
  rack (1.5.5) lib/rack/methodoverride.rb:21:in `call'
  rack (1.5.5) lib/rack/runtime.rb:17:in `call'
  activesupport (4.1.8) lib/active_support/cache/strategy/local_cache_middleware.rb:26:in `call'
  rack (1.5.5) lib/rack/lock.rb:17:in `call'
  actionpack (4.1.8) lib/action_dispatch/middleware/static.rb:84:in `call'
  rack (1.5.5) lib/rack/sendfile.rb:112:in `call'
  railties (4.1.8) lib/rails/engine.rb:514:in `call'
  railties (4.1.8) lib/rails/application.rb:144:in `call'
  rack (1.5.5) lib/rack/lock.rb:17:in `call'
  rack (1.5.5) lib/rack/content_length.rb:14:in `call'
  rack (1.5.5) lib/rack/handler/webrick.rb:60:in `service'
  C:/RailsInstaller/Ruby2.1.0/lib/ruby/2.1.0/webrick/httpserver.rb:138:in `service'
  C:/RailsInstaller/Ruby2.1.0/lib/ruby/2.1.0/webrick/httpserver.rb:94:in `run'
  C:/RailsInstaller/Ruby2.1.0/lib/ruby/2.1.0/webrick/server.rb:295:in `block in start_thread'


  Rendered C:/RailsInstaller/Ruby2.1.0/lib/ruby/gems/2.1.0/gems/actionpack-4.1.8/lib/action_dispatch/middleware/templates/rescues/_source.erb (0.0ms)
  Rendered C:/RailsInstaller/Ruby2.1.0/lib/ruby/gems/2.1.0/gems/actionpack-4.1.8/lib/action_dispatch/middleware/templates/rescues/_trace.html.erb (0.0ms)
  Rendered C:/RailsInstaller/Ruby2.1.0/lib/ruby/gems/2.1.0/gems/actionpack-4.1.8/lib/action_dispatch/middleware/templates/rescues/_request_and_response.html.erb (0.0ms)
  Rendered C:/RailsInstaller/Ruby2.1.0/lib/ruby/gems/2.1.0/gems/actionpack-4.1.8/lib/action_dispatch/middleware/templates/rescues/diagnostics.erb within rescues/layout (62.4ms)
  [1m[36m (15.6ms)[0m  [1mCREATE TABLE "schema_migrations" ("version" varchar(255) NOT NULL) [0m
  [1m[35m (0.0ms)[0m  select sqlite_version(*)
  [1m[36m (0.0ms)[0m  [1mCREATE UNIQUE INDEX "unique_schema_migrations" ON "schema_migrations" ("version")[0m
  [1m[35mActiveRecord::SchemaMigration Load (0.0ms)[0m  SELECT "schema_migrations".* FROM "schema_migrations"
Migrating to CreateTasks (20151225061847)
  [1m[36m (0.0ms)[0m  [1mbegin transaction[0m
  [1m[35m (0.0ms)[0m  CREATE TABLE "tasks" ("id" INTEGER PRIMARY KEY AUTOINCREMENT NOT NULL, "done" boolean, "due_date" date, "name" varchar(255), "category_id" varchar(255), "user_id" varchar(255), "created_at" datetime, "updated_at" datetime) 
  [1m[36mSQL (0.0ms)[0m  [1mINSERT INTO "schema_migrations" ("version") VALUES (?)[0m  [["version", "20151225061847"]]
  [1m[35m (0.0ms)[0m  commit transaction
Migrating to CreateUsers (20151225062039)
  [1m[36m (0.0ms)[0m  [1mbegin transaction[0m
  [1m[35m (0.0ms)[0m  CREATE TABLE "users" ("id" INTEGER PRIMARY KEY AUTOINCREMENT NOT NULL, "userid" varchar(255), "username" varchar(255), "password" varchar(255), "created_at" datetime, "updated_at" datetime) 
  [1m[36mSQL (0.0ms)[0m  [1mINSERT INTO "schema_migrations" ("version") VALUES (?)[0m  [["version", "20151225062039"]]
  [1m[35m (0.0ms)[0m  commit transaction
Migrating to CreateCategories (20151225062119)
  [1m[36m (0.0ms)[0m  [1mbegin transaction[0m
  [1m[35m (0.0ms)[0m  CREATE TABLE "categories" ("id" INTEGER PRIMARY KEY AUTOINCREMENT NOT NULL, "categoryname" varchar(255), "created_at" datetime, "updated_at" datetime) 
  [1m[36mSQL (0.0ms)[0m  [1mINSERT INTO "schema_migrations" ("version") VALUES (?)[0m  [["version", "20151225062119"]]
  [1m[35m (0.0ms)[0m  commit transaction
  [1m[36mActiveRecord::SchemaMigration Load (0.0ms)[0m  [1mSELECT "schema_migrations".* FROM "schema_migrations"[0m


Started GET "/tasks" for 127.0.0.1 at 2015-12-25 15:35:13 +0900
  [1m[36mActiveRecord::SchemaMigration Load (0.0ms)[0m  [1mSELECT "schema_migrations".* FROM "schema_migrations"[0m
Processing by TasksController#index as HTML
  [1m[35mTask Load (0.0ms)[0m  SELECT "tasks".* FROM "tasks"
  Rendered tasks/index.html.erb within layouts/application (0.0ms)
Completed 200 OK in 4244ms (Views: 4135.2ms | ActiveRecord: 0.0ms)


Started GET "/assets/categories.css?body=1" for 127.0.0.1 at 2015-12-25 15:35:17 +0900


Started GET "/assets/users.css?body=1" for 127.0.0.1 at 2015-12-25 15:35:17 +0900


Started GET "/assets/jquery.js?body=1" for 127.0.0.1 at 2015-12-25 15:35:17 +0900


Started GET "/assets/tasks.css?body=1" for 127.0.0.1 at 2015-12-25 15:35:17 +0900


Started GET "/assets/application.css?body=1" for 127.0.0.1 at 2015-12-25 15:35:17 +0900


Started GET "/assets/scaffolds.css?body=1" for 127.0.0.1 at 2015-12-25 15:35:18 +0900


Started GET "/assets/jquery_ujs.js?body=1" for 127.0.0.1 at 2015-12-25 15:35:18 +0900


Started GET "/assets/turbolinks.js?body=1" for 127.0.0.1 at 2015-12-25 15:35:18 +0900


Started GET "/assets/categories.js?body=1" for 127.0.0.1 at 2015-12-25 15:35:18 +0900


Started GET "/assets/tasks.js?body=1" for 127.0.0.1 at 2015-12-25 15:35:18 +0900


Started GET "/assets/users.js?body=1" for 127.0.0.1 at 2015-12-25 15:35:18 +0900


Started GET "/assets/application.js?body=1" for 127.0.0.1 at 2015-12-25 15:35:18 +0900


Started GET "/tasks/new" for 127.0.0.1 at 2015-12-25 15:36:18 +0900
Processing by TasksController#new as HTML
  Rendered tasks/_form.html.erb (160.0ms)
  Rendered tasks/new.html.erb within layouts/application (180.0ms)
Completed 200 OK in 290ms (Views: 290.0ms | ActiveRecord: 0.0ms)
  [1m[36mActiveRecord::SchemaMigration Load (0.0ms)[0m  [1mSELECT "schema_migrations".* FROM "schema_migrations"[0m
  [1m[35mActiveRecord::SchemaMigration Load (0.0ms)[0m  SELECT "schema_migrations".* FROM "schema_migrations"


Started GET "/tasks" for 127.0.0.1 at 2015-12-25 15:40:26 +0900
  [1m[36mActiveRecord::SchemaMigration Load (0.0ms)[0m  [1mSELECT "schema_migrations".* FROM "schema_migrations"[0m
Processing by TasksController#index as HTML
  [1m[35mTask Load (0.0ms)[0m  SELECT "tasks".* FROM "tasks"
  Rendered tasks/index.html.erb within layouts/application (10.0ms)
Completed 200 OK in 250ms (Views: 230.0ms | ActiveRecord: 0.0ms)


Started GET "/assets/categories.css?body=1" for 127.0.0.1 at 2015-12-25 15:40:27 +0900


Started GET "/assets/scaffolds.css?body=1" for 127.0.0.1 at 2015-12-25 15:40:27 +0900


Started GET "/assets/users.css?body=1" for 127.0.0.1 at 2015-12-25 15:40:27 +0900


Started GET "/assets/tasks.css?body=1" for 127.0.0.1 at 2015-12-25 15:40:27 +0900


Started GET "/assets/turbolinks.js?body=1" for 127.0.0.1 at 2015-12-25 15:40:27 +0900


Started GET "/assets/jquery_ujs.js?body=1" for 127.0.0.1 at 2015-12-25 15:40:27 +0900


Started GET "/assets/categories.js?body=1" for 127.0.0.1 at 2015-12-25 15:40:27 +0900


Started GET "/assets/jquery.js?body=1" for 127.0.0.1 at 2015-12-25 15:40:27 +0900


Started GET "/assets/tasks.js?body=1" for 127.0.0.1 at 2015-12-25 15:40:27 +0900


Started GET "/assets/users.js?body=1" for 127.0.0.1 at 2015-12-25 15:40:27 +0900


Started GET "/assets/application.js?body=1" for 127.0.0.1 at 2015-12-25 15:40:27 +0900


Started GET "/assets/application.css?body=1" for 127.0.0.1 at 2015-12-25 15:40:27 +0900


Started GET "/tasks/new" for 127.0.0.1 at 2015-12-25 15:40:41 +0900
Processing by TasksController#new as HTML
  Rendered tasks/_form.html.erb (46.8ms)
  Rendered tasks/new.html.erb within layouts/application (62.4ms)
Completed 200 OK in 172ms (Views: 171.6ms | ActiveRecord: 0.0ms)


Started GET "/tasks" for 127.0.0.1 at 2015-12-25 15:42:20 +0900
Processing by TasksController#index as HTML
  [1m[36mTask Load (0.0ms)[0m  [1mSELECT "tasks".* FROM "tasks"[0m
  Rendered tasks/index.html.erb within layouts/application (0.0ms)
Completed 200 OK in 100ms (Views: 100.0ms | ActiveRecord: 0.0ms)


Started GET "/assets/scaffolds.css?body=1" for 127.0.0.1 at 2015-12-25 15:42:20 +0900


Started GET "/assets/application.css?body=1" for 127.0.0.1 at 2015-12-25 15:42:20 +0900


Started GET "/assets/tasks.css?body=1" for 127.0.0.1 at 2015-12-25 15:42:20 +0900


Started GET "/assets/categories.css?body=1" for 127.0.0.1 at 2015-12-25 15:42:20 +0900


Started GET "/assets/users.css?body=1" for 127.0.0.1 at 2015-12-25 15:42:20 +0900


Started GET "/assets/jquery.js?body=1" for 127.0.0.1 at 2015-12-25 15:42:20 +0900


Started GET "/assets/jquery_ujs.js?body=1" for 127.0.0.1 at 2015-12-25 15:42:20 +0900


Started GET "/assets/turbolinks.js?body=1" for 127.0.0.1 at 2015-12-25 15:42:20 +0900


Started GET "/assets/categories.js?body=1" for 127.0.0.1 at 2015-12-25 15:42:20 +0900


Started GET "/assets/tasks.js?body=1" for 127.0.0.1 at 2015-12-25 15:42:20 +0900


Started GET "/assets/users.js?body=1" for 127.0.0.1 at 2015-12-25 15:42:20 +0900


Started GET "/assets/application.js?body=1" for 127.0.0.1 at 2015-12-25 15:42:20 +0900


Started GET "/tasks/new" for 127.0.0.1 at 2015-12-25 15:42:30 +0900
Processing by TasksController#new as HTML
  Rendered tasks/_form.html.erb (0.0ms)
  Rendered tasks/new.html.erb within layouts/application (0.0ms)
Completed 200 OK in 109ms (Views: 109.2ms | ActiveRecord: 0.0ms)


Started POST "/tasks" for 127.0.0.1 at 2015-12-25 15:42:37 +0900
Processing by TasksController#create as HTML
  Parameters: {"utf8"=>"âœ“", "authenticity_token"=>"ClaeSS55upZ7D9SkU5/gnHjBosx/pZqC1rW09XcT3Ew=", "task"=>{"due_date(1i)"=>"2015", "due_date(2i)"=>"12", "due_date(3i)"=>"25", "name"=>"test", "category_id"=>"", "done"=>"0", "user_id"=>""}, "commit"=>"Create Task"}
  [1m[35m (0.0ms)[0m  begin transaction
  [1m[36mSQL (10.0ms)[0m  [1mINSERT INTO "tasks" ("category_id", "created_at", "done", "due_date", "name", "updated_at", "user_id") VALUES (?, ?, ?, ?, ?, ?, ?)[0m  [["category_id", ""], ["created_at", "2015-12-25 06:42:37.906361"], ["done", "f"], ["due_date", "2015-12-25"], ["name", "test"], ["updated_at", "2015-12-25 06:42:37.906361"], ["user_id", ""]]
  [1m[35m (0.0ms)[0m  commit transaction
Redirected to http://localhost:3000/tasks/1
Completed 302 Found in 40ms (ActiveRecord: 10.0ms)


Started GET "/tasks/1" for 127.0.0.1 at 2015-12-25 15:42:37 +0900
Processing by TasksController#show as HTML
  Parameters: {"id"=>"1"}
  [1m[36mTask Load (0.0ms)[0m  [1mSELECT  "tasks".* FROM "tasks"  WHERE "tasks"."id" = ? LIMIT 1[0m  [["id", 1]]
  Rendered tasks/show.html.erb within layouts/application (0.0ms)
Completed 200 OK in 100ms (Views: 100.0ms | ActiveRecord: 0.0ms)


Started GET "/assets/scaffolds.css?body=1" for 127.0.0.1 at 2015-12-25 15:42:38 +0900


Started GET "/assets/tasks.css?body=1" for 127.0.0.1 at 2015-12-25 15:42:38 +0900


Started GET "/assets/jquery.js?body=1" for 127.0.0.1 at 2015-12-25 15:42:38 +0900


Started GET "/assets/application.css?body=1" for 127.0.0.1 at 2015-12-25 15:42:38 +0900


Started GET "/assets/categories.css?body=1" for 127.0.0.1 at 2015-12-25 15:42:38 +0900


Started GET "/assets/users.css?body=1" for 127.0.0.1 at 2015-12-25 15:42:38 +0900


Started GET "/assets/jquery_ujs.js?body=1" for 127.0.0.1 at 2015-12-25 15:42:38 +0900


Started GET "/assets/turbolinks.js?body=1" for 127.0.0.1 at 2015-12-25 15:42:38 +0900


Started GET "/assets/categories.js?body=1" for 127.0.0.1 at 2015-12-25 15:42:38 +0900


Started GET "/assets/tasks.js?body=1" for 127.0.0.1 at 2015-12-25 15:42:38 +0900


Started GET "/assets/users.js?body=1" for 127.0.0.1 at 2015-12-25 15:42:38 +0900


Started GET "/assets/application.js?body=1" for 127.0.0.1 at 2015-12-25 15:42:38 +0900


Started GET "/tasks/1/edit" for 127.0.0.1 at 2015-12-25 15:42:40 +0900
Processing by TasksController#edit as HTML
  Parameters: {"id"=>"1"}
  [1m[35mTask Load (0.0ms)[0m  SELECT  "tasks".* FROM "tasks"  WHERE "tasks"."id" = ? LIMIT 1  [["id", 1]]
  Rendered tasks/_form.html.erb (15.6ms)
  Rendered tasks/edit.html.erb within layouts/application (31.2ms)
Completed 200 OK in 140ms (Views: 140.4ms | ActiveRecord: 0.0ms)


Started PATCH "/tasks/1" for 127.0.0.1 at 2015-12-25 15:43:14 +0900
Processing by TasksController#update as HTML
  Parameters: {"utf8"=>"âœ“", "authenticity_token"=>"ClaeSS55upZ7D9SkU5/gnHjBosx/pZqC1rW09XcT3Ew=", "task"=>{"due_date(1i)"=>"2015", "due_date(2i)"=>"12", "due_date(3i)"=>"25", "name"=>"ãƒ†ã‚¹ãƒˆ", "category_id"=>"1", "done"=>"1", "user_id"=>"1"}, "commit"=>"Update Task", "id"=>"1"}
  [1m[36mTask Load (0.0ms)[0m  [1mSELECT  "tasks".* FROM "tasks"  WHERE "tasks"."id" = ? LIMIT 1[0m  [["id", 1]]
  [1m[35m (0.0ms)[0m  begin transaction
  [1m[36mSQL (0.0ms)[0m  [1mUPDATE "tasks" SET "category_id" = ?, "done" = ?, "name" = ?, "updated_at" = ?, "user_id" = ? WHERE "tasks"."id" = 1[0m  [["category_id", "1"], ["done", "t"], ["name", "ãƒ†ã‚¹ãƒˆ"], ["updated_at", "2015-12-25 06:43:14.829361"], ["user_id", "1"]]
  [1m[35m (15.6ms)[0m  commit transaction
Redirected to http://localhost:3000/tasks/1
Completed 302 Found in 16ms (ActiveRecord: 15.6ms)


Started GET "/tasks/1" for 127.0.0.1 at 2015-12-25 15:43:14 +0900
Processing by TasksController#show as HTML
  Parameters: {"id"=>"1"}
  [1m[36mTask Load (0.0ms)[0m  [1mSELECT  "tasks".* FROM "tasks"  WHERE "tasks"."id" = ? LIMIT 1[0m  [["id", 1]]
  Rendered tasks/show.html.erb within layouts/application (0.0ms)
Completed 200 OK in 94ms (Views: 93.6ms | ActiveRecord: 0.0ms)


Started GET "/assets/jquery.js?body=1" for 127.0.0.1 at 2015-12-25 15:43:15 +0900


Started GET "/assets/scaffolds.css?body=1" for 127.0.0.1 at 2015-12-25 15:43:15 +0900


Started GET "/assets/users.css?body=1" for 127.0.0.1 at 2015-12-25 15:43:15 +0900


Started GET "/assets/tasks.css?body=1" for 127.0.0.1 at 2015-12-25 15:43:15 +0900


Started GET "/assets/application.css?body=1" for 127.0.0.1 at 2015-12-25 15:43:15 +0900


Started GET "/assets/categories.css?body=1" for 127.0.0.1 at 2015-12-25 15:43:15 +0900


Started GET "/assets/jquery_ujs.js?body=1" for 127.0.0.1 at 2015-12-25 15:43:15 +0900


Started GET "/assets/turbolinks.js?body=1" for 127.0.0.1 at 2015-12-25 15:43:15 +0900


Started GET "/assets/categories.js?body=1" for 127.0.0.1 at 2015-12-25 15:43:15 +0900


Started GET "/assets/tasks.js?body=1" for 127.0.0.1 at 2015-12-25 15:43:15 +0900


Started GET "/assets/application.js?body=1" for 127.0.0.1 at 2015-12-25 15:43:15 +0900


Started GET "/assets/users.js?body=1" for 127.0.0.1 at 2015-12-25 15:43:15 +0900


Started GET "/tasks" for 127.0.0.1 at 2015-12-25 15:43:16 +0900
Processing by TasksController#index as HTML
  [1m[35mTask Load (0.0ms)[0m  SELECT "tasks".* FROM "tasks"
  Rendered tasks/index.html.erb within layouts/application (0.0ms)
Completed 200 OK in 100ms (Views: 100.0ms | ActiveRecord: 0.0ms)


Started GET "/tasks/1" for 127.0.0.1 at 2015-12-25 15:43:18 +0900
Processing by TasksController#show as HTML
  Parameters: {"id"=>"1"}
  [1m[36mTask Load (0.0ms)[0m  [1mSELECT  "tasks".* FROM "tasks"  WHERE "tasks"."id" = ? LIMIT 1[0m  [["id", 1]]
  Rendered tasks/show.html.erb within layouts/application (15.6ms)
Completed 200 OK in 140ms (Views: 140.4ms | ActiveRecord: 0.0ms)


Started GET "/tasks" for 127.0.0.1 at 2015-12-25 15:43:25 +0900
Processing by TasksController#index as HTML
  [1m[35mTask Load (0.0ms)[0m  SELECT "tasks".* FROM "tasks"
  Rendered tasks/index.html.erb within layouts/application (0.0ms)
Completed 200 OK in 120ms (Views: 120.0ms | ActiveRecord: 0.0ms)


Started GET "/tasks/new" for 127.0.0.1 at 2015-12-25 15:43:29 +0900
Processing by TasksController#new as HTML
  Rendered tasks/_form.html.erb (10.0ms)
  Rendered tasks/new.html.erb within layouts/application (10.0ms)
Completed 200 OK in 110ms (Views: 110.0ms | ActiveRecord: 0.0ms)


Started POST "/tasks" for 127.0.0.1 at 2015-12-25 15:43:38 +0900
Processing by TasksController#create as HTML
  Parameters: {"utf8"=>"âœ“", "authenticity_token"=>"ClaeSS55upZ7D9SkU5/gnHjBosx/pZqC1rW09XcT3Ew=", "task"=>{"due_date(1i)"=>"2016", "due_date(2i)"=>"1", "due_date(3i)"=>"1", "name"=>"tesuto ", "category_id"=>"", "done"=>"0", "user_id"=>""}, "commit"=>"Create Task"}
  [1m[36m (0.0ms)[0m  [1mbegin transaction[0m
  [1m[35mSQL (0.0ms)[0m  INSERT INTO "tasks" ("category_id", "created_at", "done", "due_date", "name", "updated_at", "user_id") VALUES (?, ?, ?, ?, ?, ?, ?)  [["category_id", ""], ["created_at", "2015-12-25 06:43:38.432561"], ["done", "f"], ["due_date", "2016-01-01"], ["name", "tesuto "], ["updated_at", "2015-12-25 06:43:38.432561"], ["user_id", ""]]
  [1m[36m (15.6ms)[0m  [1mcommit transaction[0m
Redirected to http://localhost:3000/tasks/2
Completed 302 Found in 16ms (ActiveRecord: 15.6ms)


Started GET "/tasks/2" for 127.0.0.1 at 2015-12-25 15:43:38 +0900
Processing by TasksController#show as HTML
  Parameters: {"id"=>"2"}
  [1m[35mTask Load (0.0ms)[0m  SELECT  "tasks".* FROM "tasks"  WHERE "tasks"."id" = ? LIMIT 1  [["id", 2]]
  Rendered tasks/show.html.erb within layouts/application (0.0ms)
Completed 200 OK in 109ms (Views: 109.2ms | ActiveRecord: 0.0ms)


Started GET "/tasks" for 127.0.0.1 at 2015-12-25 15:43:41 +0900
Processing by TasksController#index as HTML
  [1m[36mTask Load (0.0ms)[0m  [1mSELECT "tasks".* FROM "tasks"[0m
  Rendered tasks/index.html.erb within layouts/application (0.0ms)
Completed 200 OK in 106ms (Views: 105.6ms | ActiveRecord: 0.0ms)


Started GET "/tasks/2/edit" for 127.0.0.1 at 2015-12-25 15:43:44 +0900
Processing by TasksController#edit as HTML
  Parameters: {"id"=>"2"}
  [1m[35mTask Load (0.0ms)[0m  SELECT  "tasks".* FROM "tasks"  WHERE "tasks"."id" = ? LIMIT 1  [["id", 2]]
  Rendered tasks/_form.html.erb (10.0ms)
  Rendered tasks/edit.html.erb within layouts/application (10.0ms)
Completed 200 OK in 130ms (Views: 130.0ms | ActiveRecord: 0.0ms)


Started PATCH "/tasks/2" for 127.0.0.1 at 2015-12-25 15:43:54 +0900
Processing by TasksController#update as HTML
  Parameters: {"utf8"=>"âœ“", "authenticity_token"=>"ClaeSS55upZ7D9SkU5/gnHjBosx/pZqC1rW09XcT3Ew=", "task"=>{"due_date(1i)"=>"2016", "due_date(2i)"=>"1", "due_date(3i)"=>"1", "name"=>"ãƒ†ã‚¹ãƒˆ2", "category_id"=>"1", "done"=>"0", "user_id"=>"1"}, "commit"=>"Update Task", "id"=>"2"}
  [1m[36mTask Load (0.0ms)[0m  [1mSELECT  "tasks".* FROM "tasks"  WHERE "tasks"."id" = ? LIMIT 1[0m  [["id", 2]]
  [1m[35m (0.0ms)[0m  begin transaction
  [1m[36mSQL (0.0ms)[0m  [1mUPDATE "tasks" SET "category_id" = ?, "name" = ?, "updated_at" = ?, "user_id" = ? WHERE "tasks"."id" = 2[0m  [["category_id", "1"], ["name", "ãƒ†ã‚¹ãƒˆ2"], ["updated_at", "2015-12-25 06:43:54.991761"], ["user_id", "1"]]
  [1m[35m (0.0ms)[0m  commit transaction
Redirected to http://localhost:3000/tasks/2
Completed 302 Found in 10ms (ActiveRecord: 0.0ms)


Started GET "/tasks/2" for 127.0.0.1 at 2015-12-25 15:43:55 +0900
Processing by TasksController#show as HTML
  Parameters: {"id"=>"2"}
  [1m[36mTask Load (10.0ms)[0m  [1mSELECT  "tasks".* FROM "tasks"  WHERE "tasks"."id" = ? LIMIT 1[0m  [["id", 2]]
  Rendered tasks/show.html.erb within layouts/application (0.0ms)
Completed 200 OK in 100ms (Views: 90.0ms | ActiveRecord: 10.0ms)


Started GET "/assets/categories.css?body=1" for 127.0.0.1 at 2015-12-25 15:43:55 +0900


Started GET "/assets/scaffolds.css?body=1" for 127.0.0.1 at 2015-12-25 15:43:55 +0900


Started GET "/assets/jquery_ujs.js?body=1" for 127.0.0.1 at 2015-12-25 15:43:55 +0900


Started GET "/assets/tasks.css?body=1" for 127.0.0.1 at 2015-12-25 15:43:55 +0900


Started GET "/assets/turbolinks.js?body=1" for 127.0.0.1 at 2015-12-25 15:43:55 +0900


Started GET "/assets/users.css?body=1" for 127.0.0.1 at 2015-12-25 15:43:55 +0900


Started GET "/assets/application.css?body=1" for 127.0.0.1 at 2015-12-25 15:43:55 +0900


Started GET "/assets/categories.js?body=1" for 127.0.0.1 at 2015-12-25 15:43:55 +0900


Started GET "/assets/jquery.js?body=1" for 127.0.0.1 at 2015-12-25 15:43:55 +0900


Started GET "/assets/tasks.js?body=1" for 127.0.0.1 at 2015-12-25 15:43:55 +0900


Started GET "/assets/users.js?body=1" for 127.0.0.1 at 2015-12-25 15:43:55 +0900


Started GET "/assets/application.js?body=1" for 127.0.0.1 at 2015-12-25 15:43:55 +0900


Started GET "/tasks" for 127.0.0.1 at 2015-12-25 15:43:57 +0900
Processing by TasksController#index as HTML
  [1m[35mTask Load (0.0ms)[0m  SELECT "tasks".* FROM "tasks"
  Rendered tasks/index.html.erb within layouts/application (0.0ms)
Completed 200 OK in 109ms (Views: 109.2ms | ActiveRecord: 0.0ms)


Started GET "/tasks/1" for 127.0.0.1 at 2015-12-25 15:45:02 +0900
Processing by TasksController#show as HTML
  Parameters: {"id"=>"1"}
  [1m[36mTask Load (0.0ms)[0m  [1mSELECT  "tasks".* FROM "tasks"  WHERE "tasks"."id" = ? LIMIT 1[0m  [["id", 1]]
  Rendered tasks/show.html.erb within layouts/application (0.0ms)
Completed 200 OK in 109ms (Views: 93.6ms | ActiveRecord: 0.0ms)


Started GET "/tasks" for 127.0.0.1 at 2015-12-25 15:45:10 +0900
Processing by TasksController#index as HTML
  [1m[35mTask Load (0.0ms)[0m  SELECT "tasks".* FROM "tasks"
  Rendered tasks/index.html.erb within layouts/application (0.0ms)
Completed 200 OK in 125ms (Views: 109.2ms | ActiveRecord: 0.0ms)


Started GET "/tasks/new" for 127.0.0.1 at 2015-12-25 15:45:32 +0900
Processing by TasksController#new as HTML
  Rendered tasks/_form.html.erb (0.0ms)
  Rendered tasks/new.html.erb within layouts/application (15.6ms)
Completed 200 OK in 109ms (Views: 109.2ms | ActiveRecord: 0.0ms)


Started GET "/user" for 127.0.0.1 at 2015-12-25 15:45:45 +0900

ActionController::RoutingError (No route matches [GET] "/user"):
  actionpack (4.1.8) lib/action_dispatch/middleware/debug_exceptions.rb:21:in `call'
  actionpack (4.1.8) lib/action_dispatch/middleware/show_exceptions.rb:30:in `call'
  railties (4.1.8) lib/rails/rack/logger.rb:38:in `call_app'
  railties (4.1.8) lib/rails/rack/logger.rb:20:in `block in call'
  activesupport (4.1.8) lib/active_support/tagged_logging.rb:68:in `block in tagged'
  activesupport (4.1.8) lib/active_support/tagged_logging.rb:26:in `tagged'
  activesupport (4.1.8) lib/active_support/tagged_logging.rb:68:in `tagged'
  railties (4.1.8) lib/rails/rack/logger.rb:20:in `call'
  actionpack (4.1.8) lib/action_dispatch/middleware/request_id.rb:21:in `call'
  rack (1.5.5) lib/rack/methodoverride.rb:21:in `call'
  rack (1.5.5) lib/rack/runtime.rb:17:in `call'
  activesupport (4.1.8) lib/active_support/cache/strategy/local_cache_middleware.rb:26:in `call'
  rack (1.5.5) lib/rack/lock.rb:17:in `call'
  actionpack (4.1.8) lib/action_dispatch/middleware/static.rb:84:in `call'
  rack (1.5.5) lib/rack/sendfile.rb:112:in `call'
  railties (4.1.8) lib/rails/engine.rb:514:in `call'
  railties (4.1.8) lib/rails/application.rb:144:in `call'
  rack (1.5.5) lib/rack/lock.rb:17:in `call'
  rack (1.5.5) lib/rack/content_length.rb:14:in `call'
  rack (1.5.5) lib/rack/handler/webrick.rb:60:in `service'
  C:/RailsInstaller/Ruby2.1.0/lib/ruby/2.1.0/webrick/httpserver.rb:138:in `service'
  C:/RailsInstaller/Ruby2.1.0/lib/ruby/2.1.0/webrick/httpserver.rb:94:in `run'
  C:/RailsInstaller/Ruby2.1.0/lib/ruby/2.1.0/webrick/server.rb:295:in `block in start_thread'


  Rendered C:/RailsInstaller/Ruby2.1.0/lib/ruby/gems/2.1.0/gems/actionpack-4.1.8/lib/action_dispatch/middleware/templates/rescues/_trace.html.erb (0.0ms)
  Rendered C:/RailsInstaller/Ruby2.1.0/lib/ruby/gems/2.1.0/gems/actionpack-4.1.8/lib/action_dispatch/middleware/templates/routes/_route.html.erb (0.0ms)
  Rendered C:/RailsInstaller/Ruby2.1.0/lib/ruby/gems/2.1.0/gems/actionpack-4.1.8/lib/action_dispatch/middleware/templates/routes/_table.html.erb (15.6ms)
  Rendered C:/RailsInstaller/Ruby2.1.0/lib/ruby/gems/2.1.0/gems/actionpack-4.1.8/lib/action_dispatch/middleware/templates/rescues/routing_error.html.erb within rescues/layout (78.0ms)


Started GET "/users" for 127.0.0.1 at 2015-12-25 15:45:50 +0900
Processing by UsersController#index as HTML
  [1m[36mUser Load (0.0ms)[0m  [1mSELECT "users".* FROM "users"[0m
  Rendered users/index.html.erb within layouts/application (10.0ms)
Completed 200 OK in 130ms (Views: 110.0ms | ActiveRecord: 0.0ms)


Started GET "/assets/categories.css?body=1" for 127.0.0.1 at 2015-12-25 15:45:50 +0900


Started GET "/assets/scaffolds.css?body=1" for 127.0.0.1 at 2015-12-25 15:45:50 +0900


Started GET "/assets/tasks.css?body=1" for 127.0.0.1 at 2015-12-25 15:45:50 +0900


Started GET "/assets/jquery.js?body=1" for 127.0.0.1 at 2015-12-25 15:45:50 +0900


Started GET "/assets/jquery_ujs.js?body=1" for 127.0.0.1 at 2015-12-25 15:45:50 +0900


Started GET "/assets/application.css?body=1" for 127.0.0.1 at 2015-12-25 15:45:50 +0900


Started GET "/assets/turbolinks.js?body=1" for 127.0.0.1 at 2015-12-25 15:45:50 +0900


Started GET "/assets/users.css?body=1" for 127.0.0.1 at 2015-12-25 15:45:50 +0900


Started GET "/assets/categories.js?body=1" for 127.0.0.1 at 2015-12-25 15:45:50 +0900


Started GET "/assets/tasks.js?body=1" for 127.0.0.1 at 2015-12-25 15:45:50 +0900


Started GET "/assets/users.js?body=1" for 127.0.0.1 at 2015-12-25 15:45:50 +0900


Started GET "/assets/application.js?body=1" for 127.0.0.1 at 2015-12-25 15:45:50 +0900


Started GET "/users/new" for 127.0.0.1 at 2015-12-25 15:46:22 +0900
Processing by UsersController#new as HTML
  Rendered users/_form.html.erb (10.0ms)
  Rendered users/new.html.erb within layouts/application (10.0ms)
Completed 200 OK in 110ms (Views: 110.0ms | ActiveRecord: 0.0ms)


Started POST "/users" for 127.0.0.1 at 2015-12-25 15:46:50 +0900
Processing by UsersController#create as HTML
  Parameters: {"utf8"=>"âœ“", "authenticity_token"=>"ClaeSS55upZ7D9SkU5/gnHjBosx/pZqC1rW09XcT3Ew=", "user"=>{"userid"=>"jim", "username"=>"zimu ", "password"=>"[FILTERED]"}, "commit"=>"Create User"}
  [1m[35m (0.0ms)[0m  begin transaction
  [1m[36mSQL (15.6ms)[0m  [1mINSERT INTO "users" ("created_at", "password", "updated_at", "userid", "username") VALUES (?, ?, ?, ?, ?)[0m  [["created_at", "2015-12-25 06:46:50.174161"], ["password", "jim"], ["updated_at", "2015-12-25 06:46:50.174161"], ["userid", "jim"], ["username", "zimu "]]
  [1m[35m (0.0ms)[0m  commit transaction
Redirected to http://localhost:3000/users/1
Completed 302 Found in 16ms (ActiveRecord: 15.6ms)


Started GET "/users/1" for 127.0.0.1 at 2015-12-25 15:46:50 +0900
Processing by UsersController#show as HTML
  Parameters: {"id"=>"1"}
  [1m[36mUser Load (0.0ms)[0m  [1mSELECT  "users".* FROM "users"  WHERE "users"."id" = ? LIMIT 1[0m  [["id", 1]]
  Rendered users/show.html.erb within layouts/application (0.0ms)
Completed 200 OK in 109ms (Views: 109.2ms | ActiveRecord: 0.0ms)


Started GET "/assets/scaffolds.css?body=1" for 127.0.0.1 at 2015-12-25 15:46:50 +0900


Started GET "/assets/users.css?body=1" for 127.0.0.1 at 2015-12-25 15:46:50 +0900


Started GET "/assets/categories.css?body=1" for 127.0.0.1 at 2015-12-25 15:46:50 +0900


Started GET "/assets/application.css?body=1" for 127.0.0.1 at 2015-12-25 15:46:50 +0900


Started GET "/assets/tasks.css?body=1" for 127.0.0.1 at 2015-12-25 15:46:50 +0900


Started GET "/assets/jquery.js?body=1" for 127.0.0.1 at 2015-12-25 15:46:50 +0900


Started GET "/assets/jquery_ujs.js?body=1" for 127.0.0.1 at 2015-12-25 15:46:50 +0900


Started GET "/assets/turbolinks.js?body=1" for 127.0.0.1 at 2015-12-25 15:46:50 +0900


Started GET "/assets/categories.js?body=1" for 127.0.0.1 at 2015-12-25 15:46:50 +0900


Started GET "/assets/users.js?body=1" for 127.0.0.1 at 2015-12-25 15:46:50 +0900


Started GET "/assets/tasks.js?body=1" for 127.0.0.1 at 2015-12-25 15:46:50 +0900


Started GET "/assets/application.js?body=1" for 127.0.0.1 at 2015-12-25 15:46:50 +0900


Started GET "/users/1/edit" for 127.0.0.1 at 2015-12-25 15:46:52 +0900
Processing by UsersController#edit as HTML
  Parameters: {"id"=>"1"}
  [1m[35mUser Load (0.0ms)[0m  SELECT  "users".* FROM "users"  WHERE "users"."id" = ? LIMIT 1  [["id", 1]]
  Rendered users/_form.html.erb (0.0ms)
  Rendered users/edit.html.erb within layouts/application (0.0ms)
Completed 200 OK in 109ms (Views: 109.2ms | ActiveRecord: 0.0ms)


Started GET "/users/1" for 127.0.0.1 at 2015-12-25 15:47:02 +0900
Processing by UsersController#show as HTML
  Parameters: {"id"=>"1"}
  [1m[36mUser Load (0.0ms)[0m  [1mSELECT  "users".* FROM "users"  WHERE "users"."id" = ? LIMIT 1[0m  [["id", 1]]
  Rendered users/show.html.erb within layouts/application (0.0ms)
Completed 200 OK in 109ms (Views: 109.2ms | ActiveRecord: 0.0ms)


Started GET "/users/1/edit" for 127.0.0.1 at 2015-12-25 15:47:03 +0900
Processing by UsersController#edit as HTML
  Parameters: {"id"=>"1"}
  [1m[35mUser Load (0.0ms)[0m  SELECT  "users".* FROM "users"  WHERE "users"."id" = ? LIMIT 1  [["id", 1]]
  Rendered users/_form.html.erb (0.0ms)
  Rendered users/edit.html.erb within layouts/application (0.0ms)
Completed 200 OK in 109ms (Views: 109.2ms | ActiveRecord: 0.0ms)


Started PATCH "/users/1" for 127.0.0.1 at 2015-12-25 15:47:12 +0900
Processing by UsersController#update as HTML
  Parameters: {"utf8"=>"âœ“", "authenticity_token"=>"ClaeSS55upZ7D9SkU5/gnHjBosx/pZqC1rW09XcT3Ew=", "user"=>{"userid"=>"jim", "username"=>"ã‚¸ãƒ ", "password"=>"[FILTERED]"}, "commit"=>"Update User", "id"=>"1"}
  [1m[36mUser Load (0.0ms)[0m  [1mSELECT  "users".* FROM "users"  WHERE "users"."id" = ? LIMIT 1[0m  [["id", 1]]
  [1m[35m (0.0ms)[0m  begin transaction
  [1m[36mSQL (0.0ms)[0m  [1mUPDATE "users" SET "updated_at" = ?, "username" = ? WHERE "users"."id" = 1[0m  [["updated_at", "2015-12-25 06:47:12.062561"], ["username", "ã‚¸ãƒ "]]
  [1m[35m (10.0ms)[0m  commit transaction
Redirected to http://localhost:3000/users/1
Completed 302 Found in 10ms (ActiveRecord: 10.0ms)


Started GET "/users/1" for 127.0.0.1 at 2015-12-25 15:47:12 +0900
Processing by UsersController#show as HTML
  Parameters: {"id"=>"1"}
  [1m[36mUser Load (10.0ms)[0m  [1mSELECT  "users".* FROM "users"  WHERE "users"."id" = ? LIMIT 1[0m  [["id", 1]]
  Rendered users/show.html.erb within layouts/application (0.0ms)
Completed 200 OK in 100ms (Views: 90.0ms | ActiveRecord: 10.0ms)


Started GET "/assets/categories.css?body=1" for 127.0.0.1 at 2015-12-25 15:47:12 +0900


Started GET "/assets/users.css?body=1" for 127.0.0.1 at 2015-12-25 15:47:12 +0900


Started GET "/assets/application.css?body=1" for 127.0.0.1 at 2015-12-25 15:47:12 +0900


Started GET "/assets/jquery.js?body=1" for 127.0.0.1 at 2015-12-25 15:47:12 +0900


Started GET "/assets/tasks.css?body=1" for 127.0.0.1 at 2015-12-25 15:47:12 +0900


Started GET "/assets/scaffolds.css?body=1" for 127.0.0.1 at 2015-12-25 15:47:12 +0900


Started GET "/assets/jquery_ujs.js?body=1" for 127.0.0.1 at 2015-12-25 15:47:12 +0900


Started GET "/assets/turbolinks.js?body=1" for 127.0.0.1 at 2015-12-25 15:47:12 +0900


Started GET "/assets/categories.js?body=1" for 127.0.0.1 at 2015-12-25 15:47:12 +0900


Started GET "/assets/users.js?body=1" for 127.0.0.1 at 2015-12-25 15:47:12 +0900


Started GET "/assets/tasks.js?body=1" for 127.0.0.1 at 2015-12-25 15:47:12 +0900


Started GET "/assets/application.js?body=1" for 127.0.0.1 at 2015-12-25 15:47:12 +0900


Started GET "/users" for 127.0.0.1 at 2015-12-25 15:47:13 +0900
Processing by UsersController#index as HTML
  [1m[35mUser Load (0.0ms)[0m  SELECT "users".* FROM "users"
  Rendered users/index.html.erb within layouts/application (0.0ms)
Completed 200 OK in 109ms (Views: 109.2ms | ActiveRecord: 0.0ms)


Started GET "/users/new" for 127.0.0.1 at 2015-12-25 15:47:16 +0900
Processing by UsersController#new as HTML
  Rendered users/_form.html.erb (15.6ms)
  Rendered users/new.html.erb within layouts/application (15.6ms)
Completed 200 OK in 96ms (Views: 95.6ms | ActiveRecord: 0.0ms)


Started POST "/users" for 127.0.0.1 at 2015-12-25 15:47:35 +0900
Processing by UsersController#create as HTML
  Parameters: {"utf8"=>"âœ“", "authenticity_token"=>"ClaeSS55upZ7D9SkU5/gnHjBosx/pZqC1rW09XcT3Ew=", "user"=>{"userid"=>"tom", "username"=>"ãƒˆãƒ ", "password"=>"[FILTERED]"}, "commit"=>"Create User"}
  [1m[36m (0.0ms)[0m  [1mbegin transaction[0m
  [1m[35mSQL (0.0ms)[0m  INSERT INTO "users" ("created_at", "password", "updated_at", "userid", "username") VALUES (?, ?, ?, ?, ?)  [["created_at", "2015-12-25 06:47:35.218961"], ["password", "tom"], ["updated_at", "2015-12-25 06:47:35.218961"], ["userid", "tom"], ["username", "ãƒˆãƒ "]]
  [1m[36m (0.0ms)[0m  [1mcommit transaction[0m
Redirected to http://localhost:3000/users/2
Completed 302 Found in 16ms (ActiveRecord: 0.0ms)


Started GET "/users/2" for 127.0.0.1 at 2015-12-25 15:47:35 +0900
Processing by UsersController#show as HTML
  Parameters: {"id"=>"2"}
  [1m[35mUser Load (0.0ms)[0m  SELECT  "users".* FROM "users"  WHERE "users"."id" = ? LIMIT 1  [["id", 2]]
  Rendered users/show.html.erb within layouts/application (0.0ms)
Completed 200 OK in 94ms (Views: 93.6ms | ActiveRecord: 0.0ms)


Started GET "/assets/tasks.css?body=1" for 127.0.0.1 at 2015-12-25 15:47:35 +0900


Started GET "/assets/categories.css?body=1" for 127.0.0.1 at 2015-12-25 15:47:35 +0900


Started GET "/assets/application.css?body=1" for 127.0.0.1 at 2015-12-25 15:47:35 +0900


Started GET "/assets/scaffolds.css?body=1" for 127.0.0.1 at 2015-12-25 15:47:35 +0900


Started GET "/assets/users.css?body=1" for 127.0.0.1 at 2015-12-25 15:47:35 +0900


Started GET "/assets/jquery.js?body=1" for 127.0.0.1 at 2015-12-25 15:47:35 +0900


Started GET "/assets/jquery_ujs.js?body=1" for 127.0.0.1 at 2015-12-25 15:47:35 +0900


Started GET "/assets/turbolinks.js?body=1" for 127.0.0.1 at 2015-12-25 15:47:35 +0900


Started GET "/assets/categories.js?body=1" for 127.0.0.1 at 2015-12-25 15:47:35 +0900


Started GET "/assets/tasks.js?body=1" for 127.0.0.1 at 2015-12-25 15:47:35 +0900


Started GET "/assets/users.js?body=1" for 127.0.0.1 at 2015-12-25 15:47:35 +0900


Started GET "/assets/application.js?body=1" for 127.0.0.1 at 2015-12-25 15:47:35 +0900


Started GET "/users" for 127.0.0.1 at 2015-12-25 15:47:37 +0900
Processing by UsersController#index as HTML
  [1m[36mUser Load (0.0ms)[0m  [1mSELECT "users".* FROM "users"[0m
  Rendered users/index.html.erb within layouts/application (0.0ms)
Completed 200 OK in 109ms (Views: 109.2ms | ActiveRecord: 0.0ms)


Started GET "/users/new" for 127.0.0.1 at 2015-12-25 15:47:44 +0900
Processing by UsersController#new as HTML
  Rendered users/_form.html.erb (0.0ms)
  Rendered users/new.html.erb within layouts/application (0.0ms)
Completed 200 OK in 109ms (Views: 109.2ms | ActiveRecord: 0.0ms)


Started POST "/users" for 127.0.0.1 at 2015-12-25 15:48:01 +0900
Processing by UsersController#create as HTML
  Parameters: {"utf8"=>"âœ“", "authenticity_token"=>"ClaeSS55upZ7D9SkU5/gnHjBosx/pZqC1rW09XcT3Ew=", "user"=>{"userid"=>"hanako", "username"=>"èŠ±å­", "password"=>"[FILTERED]"}, "commit"=>"Create User"}
  [1m[35m (0.0ms)[0m  begin transaction
  [1m[36mSQL (0.0ms)[0m  [1mINSERT INTO "users" ("created_at", "password", "updated_at", "userid", "username") VALUES (?, ?, ?, ?, ?)[0m  [["created_at", "2015-12-25 06:48:01.665361"], ["password", "hanako"], ["updated_at", "2015-12-25 06:48:01.665361"], ["userid", "hanako"], ["username", "èŠ±å­"]]
  [1m[35m (0.0ms)[0m  commit transaction
Redirected to http://localhost:3000/users/3
Completed 302 Found in 16ms (ActiveRecord: 0.0ms)


Started GET "/users/3" for 127.0.0.1 at 2015-12-25 15:48:01 +0900
Processing by UsersController#show as HTML
  Parameters: {"id"=>"3"}
  [1m[36mUser Load (0.0ms)[0m  [1mSELECT  "users".* FROM "users"  WHERE "users"."id" = ? LIMIT 1[0m  [["id", 3]]
  Rendered users/show.html.erb within layouts/application (0.0ms)
Completed 200 OK in 109ms (Views: 109.2ms | ActiveRecord: 0.0ms)


Started GET "/assets/application.css?body=1" for 127.0.0.1 at 2015-12-25 15:48:01 +0900


Started GET "/assets/tasks.css?body=1" for 127.0.0.1 at 2015-12-25 15:48:01 +0900


Started GET "/assets/jquery.js?body=1" for 127.0.0.1 at 2015-12-25 15:48:01 +0900


Started GET "/assets/scaffolds.css?body=1" for 127.0.0.1 at 2015-12-25 15:48:01 +0900


Started GET "/assets/categories.css?body=1" for 127.0.0.1 at 2015-12-25 15:48:01 +0900


Started GET "/assets/users.css?body=1" for 127.0.0.1 at 2015-12-25 15:48:01 +0900


Started GET "/assets/jquery_ujs.js?body=1" for 127.0.0.1 at 2015-12-25 15:48:01 +0900


Started GET "/assets/turbolinks.js?body=1" for 127.0.0.1 at 2015-12-25 15:48:01 +0900


Started GET "/assets/categories.js?body=1" for 127.0.0.1 at 2015-12-25 15:48:01 +0900


Started GET "/assets/tasks.js?body=1" for 127.0.0.1 at 2015-12-25 15:48:01 +0900


Started GET "/assets/users.js?body=1" for 127.0.0.1 at 2015-12-25 15:48:01 +0900


Started GET "/assets/application.js?body=1" for 127.0.0.1 at 2015-12-25 15:48:01 +0900


Started GET "/users" for 127.0.0.1 at 2015-12-25 15:48:03 +0900
Processing by UsersController#index as HTML
  [1m[35mUser Load (0.0ms)[0m  SELECT "users".* FROM "users"
  Rendered users/index.html.erb within layouts/application (15.6ms)
Completed 200 OK in 94ms (Views: 93.6ms | ActiveRecord: 0.0ms)


Started GET "/users/1" for 127.0.0.1 at 2015-12-25 15:48:07 +0900
Processing by UsersController#show as HTML
  Parameters: {"id"=>"1"}
  [1m[36mUser Load (0.0ms)[0m  [1mSELECT  "users".* FROM "users"  WHERE "users"."id" = ? LIMIT 1[0m  [["id", 1]]
  Rendered users/show.html.erb within layouts/application (0.0ms)
Completed 200 OK in 110ms (Views: 100.0ms | ActiveRecord: 0.0ms)


Started GET "/category" for 127.0.0.1 at 2015-12-25 15:48:25 +0900

ActionController::RoutingError (No route matches [GET] "/category"):
  actionpack (4.1.8) lib/action_dispatch/middleware/debug_exceptions.rb:21:in `call'
  actionpack (4.1.8) lib/action_dispatch/middleware/show_exceptions.rb:30:in `call'
  railties (4.1.8) lib/rails/rack/logger.rb:38:in `call_app'
  railties (4.1.8) lib/rails/rack/logger.rb:20:in `block in call'
  activesupport (4.1.8) lib/active_support/tagged_logging.rb:68:in `block in tagged'
  activesupport (4.1.8) lib/active_support/tagged_logging.rb:26:in `tagged'
  activesupport (4.1.8) lib/active_support/tagged_logging.rb:68:in `tagged'
  railties (4.1.8) lib/rails/rack/logger.rb:20:in `call'
  actionpack (4.1.8) lib/action_dispatch/middleware/request_id.rb:21:in `call'
  rack (1.5.5) lib/rack/methodoverride.rb:21:in `call'
  rack (1.5.5) lib/rack/runtime.rb:17:in `call'
  activesupport (4.1.8) lib/active_support/cache/strategy/local_cache_middleware.rb:26:in `call'
  rack (1.5.5) lib/rack/lock.rb:17:in `call'
  actionpack (4.1.8) lib/action_dispatch/middleware/static.rb:84:in `call'
  rack (1.5.5) lib/rack/sendfile.rb:112:in `call'
  railties (4.1.8) lib/rails/engine.rb:514:in `call'
  railties (4.1.8) lib/rails/application.rb:144:in `call'
  rack (1.5.5) lib/rack/lock.rb:17:in `call'
  rack (1.5.5) lib/rack/content_length.rb:14:in `call'
  rack (1.5.5) lib/rack/handler/webrick.rb:60:in `service'
  C:/RailsInstaller/Ruby2.1.0/lib/ruby/2.1.0/webrick/httpserver.rb:138:in `service'
  C:/RailsInstaller/Ruby2.1.0/lib/ruby/2.1.0/webrick/httpserver.rb:94:in `run'
  C:/RailsInstaller/Ruby2.1.0/lib/ruby/2.1.0/webrick/server.rb:295:in `block in start_thread'


  Rendered C:/RailsInstaller/Ruby2.1.0/lib/ruby/gems/2.1.0/gems/actionpack-4.1.8/lib/action_dispatch/middleware/templates/rescues/_trace.html.erb (0.0ms)
  Rendered C:/RailsInstaller/Ruby2.1.0/lib/ruby/gems/2.1.0/gems/actionpack-4.1.8/lib/action_dispatch/middleware/templates/routes/_route.html.erb (10.0ms)
  Rendered C:/RailsInstaller/Ruby2.1.0/lib/ruby/gems/2.1.0/gems/actionpack-4.1.8/lib/action_dispatch/middleware/templates/routes/_table.html.erb (10.0ms)
  Rendered C:/RailsInstaller/Ruby2.1.0/lib/ruby/gems/2.1.0/gems/actionpack-4.1.8/lib/action_dispatch/middleware/templates/rescues/routing_error.html.erb within rescues/layout (70.0ms)


Started GET "/categories" for 127.0.0.1 at 2015-12-25 15:48:38 +0900
Processing by CategoriesController#index as HTML
  [1m[35mCategory Load (0.0ms)[0m  SELECT "categories".* FROM "categories"
  Rendered categories/index.html.erb within layouts/application (0.0ms)
Completed 200 OK in 109ms (Views: 109.2ms | ActiveRecord: 0.0ms)


Started GET "/assets/categories.css?body=1" for 127.0.0.1 at 2015-12-25 15:48:39 +0900


Started GET "/assets/scaffolds.css?body=1" for 127.0.0.1 at 2015-12-25 15:48:39 +0900


Started GET "/assets/tasks.css?body=1" for 127.0.0.1 at 2015-12-25 15:48:39 +0900


Started GET "/assets/users.css?body=1" for 127.0.0.1 at 2015-12-25 15:48:39 +0900


Started GET "/assets/jquery_ujs.js?body=1" for 127.0.0.1 at 2015-12-25 15:48:39 +0900


Started GET "/assets/turbolinks.js?body=1" for 127.0.0.1 at 2015-12-25 15:48:39 +0900


Started GET "/assets/jquery.js?body=1" for 127.0.0.1 at 2015-12-25 15:48:39 +0900


Started GET "/assets/categories.js?body=1" for 127.0.0.1 at 2015-12-25 15:48:39 +0900


Started GET "/assets/application.css?body=1" for 127.0.0.1 at 2015-12-25 15:48:39 +0900


Started GET "/assets/tasks.js?body=1" for 127.0.0.1 at 2015-12-25 15:48:39 +0900


Started GET "/assets/users.js?body=1" for 127.0.0.1 at 2015-12-25 15:48:39 +0900


Started GET "/assets/application.js?body=1" for 127.0.0.1 at 2015-12-25 15:48:39 +0900


Started GET "/categories/new" for 127.0.0.1 at 2015-12-25 15:48:41 +0900
Processing by CategoriesController#new as HTML
  Rendered categories/_form.html.erb (0.0ms)
  Rendered categories/new.html.erb within layouts/application (0.0ms)
Completed 200 OK in 109ms (Views: 109.2ms | ActiveRecord: 0.0ms)


Started POST "/categories" for 127.0.0.1 at 2015-12-25 15:48:50 +0900
Processing by CategoriesController#create as HTML
  Parameters: {"utf8"=>"âœ“", "authenticity_token"=>"ClaeSS55upZ7D9SkU5/gnHjBosx/pZqC1rW09XcT3Ew=", "category"=>{"categoryname"=>"å‹‰å¼·"}, "commit"=>"Create Category"}
  [1m[36m (0.0ms)[0m  [1mbegin transaction[0m
  [1m[35mSQL (0.0ms)[0m  INSERT INTO "categories" ("categoryname", "created_at", "updated_at") VALUES (?, ?, ?)  [["categoryname", "å‹‰å¼·"], ["created_at", "2015-12-25 06:48:50.363361"], ["updated_at", "2015-12-25 06:48:50.363361"]]
  [1m[36m (0.0ms)[0m  [1mcommit transaction[0m
Redirected to http://localhost:3000/categories/1
Completed 302 Found in 16ms (ActiveRecord: 0.0ms)


Started GET "/categories/1" for 127.0.0.1 at 2015-12-25 15:48:50 +0900
Processing by CategoriesController#show as HTML
  Parameters: {"id"=>"1"}
  [1m[35mCategory Load (0.0ms)[0m  SELECT  "categories".* FROM "categories"  WHERE "categories"."id" = ? LIMIT 1  [["id", 1]]
  Rendered categories/show.html.erb within layouts/application (0.0ms)
Completed 200 OK in 94ms (Views: 93.6ms | ActiveRecord: 0.0ms)


Started GET "/assets/scaffolds.css?body=1" for 127.0.0.1 at 2015-12-25 15:48:50 +0900


Started GET "/assets/users.css?body=1" for 127.0.0.1 at 2015-12-25 15:48:50 +0900


Started GET "/assets/application.css?body=1" for 127.0.0.1 at 2015-12-25 15:48:50 +0900


Started GET "/assets/tasks.css?body=1" for 127.0.0.1 at 2015-12-25 15:48:50 +0900


Started GET "/assets/jquery.js?body=1" for 127.0.0.1 at 2015-12-25 15:48:50 +0900


Started GET "/assets/categories.css?body=1" for 127.0.0.1 at 2015-12-25 15:48:50 +0900


Started GET "/assets/jquery_ujs.js?body=1" for 127.0.0.1 at 2015-12-25 15:48:50 +0900


Started GET "/assets/turbolinks.js?body=1" for 127.0.0.1 at 2015-12-25 15:48:50 +0900


Started GET "/assets/categories.js?body=1" for 127.0.0.1 at 2015-12-25 15:48:50 +0900


Started GET "/assets/tasks.js?body=1" for 127.0.0.1 at 2015-12-25 15:48:50 +0900


Started GET "/assets/users.js?body=1" for 127.0.0.1 at 2015-12-25 15:48:50 +0900


Started GET "/assets/application.js?body=1" for 127.0.0.1 at 2015-12-25 15:48:50 +0900


Started GET "/categories" for 127.0.0.1 at 2015-12-25 15:48:52 +0900
Processing by CategoriesController#index as HTML
  [1m[36mCategory Load (0.0ms)[0m  [1mSELECT "categories".* FROM "categories"[0m
  Rendered categories/index.html.erb within layouts/application (10.0ms)
Completed 200 OK in 110ms (Views: 110.0ms | ActiveRecord: 0.0ms)


Started GET "/categories/new" for 127.0.0.1 at 2015-12-25 15:48:53 +0900
Processing by CategoriesController#new as HTML
  Rendered categories/_form.html.erb (0.0ms)
  Rendered categories/new.html.erb within layouts/application (15.6ms)
Completed 200 OK in 92ms (Views: 92.4ms | ActiveRecord: 0.0ms)


Started POST "/categories" for 127.0.0.1 at 2015-12-25 15:49:03 +0900
Processing by CategoriesController#create as HTML
  Parameters: {"utf8"=>"âœ“", "authenticity_token"=>"ClaeSS55upZ7D9SkU5/gnHjBosx/pZqC1rW09XcT3Ew=", "category"=>{"categoryname"=>"éƒ¨æ´»å‹•"}, "commit"=>"Create Category"}
  [1m[35m (0.0ms)[0m  begin transaction
  [1m[36mSQL (0.0ms)[0m  [1mINSERT INTO "categories" ("categoryname", "created_at", "updated_at") VALUES (?, ?, ?)[0m  [["categoryname", "éƒ¨æ´»å‹•"], ["created_at", "2015-12-25 06:49:03.938561"], ["updated_at", "2015-12-25 06:49:03.938561"]]
  [1m[35m (0.0ms)[0m  commit transaction
Redirected to http://localhost:3000/categories/2
Completed 302 Found in 10ms (ActiveRecord: 0.0ms)


Started GET "/categories/2" for 127.0.0.1 at 2015-12-25 15:49:03 +0900
Processing by CategoriesController#show as HTML
  Parameters: {"id"=>"2"}
  [1m[36mCategory Load (0.0ms)[0m  [1mSELECT  "categories".* FROM "categories"  WHERE "categories"."id" = ? LIMIT 1[0m  [["id", 2]]
  Rendered categories/show.html.erb within layouts/application (0.0ms)
Completed 200 OK in 100ms (Views: 90.0ms | ActiveRecord: 0.0ms)


Started GET "/assets/jquery.js?body=1" for 127.0.0.1 at 2015-12-25 15:49:04 +0900


Started GET "/assets/scaffolds.css?body=1" for 127.0.0.1 at 2015-12-25 15:49:04 +0900


Started GET "/assets/tasks.css?body=1" for 127.0.0.1 at 2015-12-25 15:49:04 +0900


Started GET "/assets/categories.css?body=1" for 127.0.0.1 at 2015-12-25 15:49:04 +0900


Started GET "/assets/users.css?body=1" for 127.0.0.1 at 2015-12-25 15:49:04 +0900


Started GET "/assets/application.css?body=1" for 127.0.0.1 at 2015-12-25 15:49:04 +0900


Started GET "/assets/jquery_ujs.js?body=1" for 127.0.0.1 at 2015-12-25 15:49:04 +0900


Started GET "/assets/turbolinks.js?body=1" for 127.0.0.1 at 2015-12-25 15:49:04 +0900


Started GET "/assets/categories.js?body=1" for 127.0.0.1 at 2015-12-25 15:49:04 +0900


Started GET "/assets/tasks.js?body=1" for 127.0.0.1 at 2015-12-25 15:49:04 +0900


Started GET "/assets/users.js?body=1" for 127.0.0.1 at 2015-12-25 15:49:04 +0900


Started GET "/assets/application.js?body=1" for 127.0.0.1 at 2015-12-25 15:49:04 +0900


Started GET "/categories" for 127.0.0.1 at 2015-12-25 15:49:05 +0900
Processing by CategoriesController#index as HTML
  [1m[35mCategory Load (0.0ms)[0m  SELECT "categories".* FROM "categories"
  Rendered categories/index.html.erb within layouts/application (0.0ms)
Completed 200 OK in 109ms (Views: 93.6ms | ActiveRecord: 0.0ms)


Started GET "/categories/new" for 127.0.0.1 at 2015-12-25 15:49:06 +0900
Processing by CategoriesController#new as HTML
  Rendered categories/_form.html.erb (0.0ms)
  Rendered categories/new.html.erb within layouts/application (0.0ms)
Completed 200 OK in 109ms (Views: 109.2ms | ActiveRecord: 0.0ms)


Started POST "/categories" for 127.0.0.1 at 2015-12-25 15:49:14 +0900
Processing by CategoriesController#create as HTML
  Parameters: {"utf8"=>"âœ“", "authenticity_token"=>"ClaeSS55upZ7D9SkU5/gnHjBosx/pZqC1rW09XcT3Ew=", "category"=>{"categoryname"=>"è²·ã„ç‰©"}, "commit"=>"Create Category"}
  [1m[36m (0.0ms)[0m  [1mbegin transaction[0m
  [1m[35mSQL (0.0ms)[0m  INSERT INTO "categories" ("categoryname", "created_at", "updated_at") VALUES (?, ?, ?)  [["categoryname", "è²·ã„ç‰©"], ["created_at", "2015-12-25 06:49:14.946961"], ["updated_at", "2015-12-25 06:49:14.946961"]]
  [1m[36m (0.0ms)[0m  [1mcommit transaction[0m
Redirected to http://localhost:3000/categories/3
Completed 302 Found in 16ms (ActiveRecord: 0.0ms)


Started GET "/categories/3" for 127.0.0.1 at 2015-12-25 15:49:14 +0900
Processing by CategoriesController#show as HTML
  Parameters: {"id"=>"3"}
  [1m[35mCategory Load (0.0ms)[0m  SELECT  "categories".* FROM "categories"  WHERE "categories"."id" = ? LIMIT 1  [["id", 3]]
  Rendered categories/show.html.erb within layouts/application (0.0ms)
Completed 200 OK in 109ms (Views: 109.2ms | ActiveRecord: 0.0ms)


Started GET "/assets/jquery.js?body=1" for 127.0.0.1 at 2015-12-25 15:49:15 +0900


Started GET "/assets/tasks.css?body=1" for 127.0.0.1 at 2015-12-25 15:49:15 +0900


Started GET "/assets/scaffolds.css?body=1" for 127.0.0.1 at 2015-12-25 15:49:15 +0900


Started GET "/assets/users.css?body=1" for 127.0.0.1 at 2015-12-25 15:49:15 +0900


Started GET "/assets/application.css?body=1" for 127.0.0.1 at 2015-12-25 15:49:15 +0900


Started GET "/assets/categories.css?body=1" for 127.0.0.1 at 2015-12-25 15:49:15 +0900


Started GET "/assets/jquery_ujs.js?body=1" for 127.0.0.1 at 2015-12-25 15:49:15 +0900


Started GET "/assets/turbolinks.js?body=1" for 127.0.0.1 at 2015-12-25 15:49:15 +0900


Started GET "/assets/categories.js?body=1" for 127.0.0.1 at 2015-12-25 15:49:15 +0900


Started GET "/assets/tasks.js?body=1" for 127.0.0.1 at 2015-12-25 15:49:15 +0900


Started GET "/assets/users.js?body=1" for 127.0.0.1 at 2015-12-25 15:49:15 +0900


Started GET "/assets/application.js?body=1" for 127.0.0.1 at 2015-12-25 15:49:15 +0900


Started GET "/categories" for 127.0.0.1 at 2015-12-25 15:49:16 +0900
Processing by CategoriesController#index as HTML
  [1m[36mCategory Load (0.0ms)[0m  [1mSELECT "categories".* FROM "categories"[0m
  Rendered categories/index.html.erb within layouts/application (0.0ms)
Completed 200 OK in 109ms (Views: 93.6ms | ActiveRecord: 0.0ms)


Started GET "/categories/new" for 127.0.0.1 at 2015-12-25 15:49:17 +0900
Processing by CategoriesController#new as HTML
  Rendered categories/_form.html.erb (0.0ms)
  Rendered categories/new.html.erb within layouts/application (0.0ms)
Completed 200 OK in 125ms (Views: 124.8ms | ActiveRecord: 0.0ms)


Started POST "/categories" for 127.0.0.1 at 2015-12-25 15:49:29 +0900
Processing by CategoriesController#create as HTML
  Parameters: {"utf8"=>"âœ“", "authenticity_token"=>"ClaeSS55upZ7D9SkU5/gnHjBosx/pZqC1rW09XcT3Ew=", "category"=>{"categoryname"=>"éŠã³"}, "commit"=>"Create Category"}
  [1m[35m (0.0ms)[0m  begin transaction
  [1m[36mSQL (0.0ms)[0m  [1mINSERT INTO "categories" ("categoryname", "created_at", "updated_at") VALUES (?, ?, ?)[0m  [["categoryname", "éŠã³"], ["created_at", "2015-12-25 06:49:29.595361"], ["updated_at", "2015-12-25 06:49:29.595361"]]
  [1m[35m (15.6ms)[0m  commit transaction
Redirected to http://localhost:3000/categories/4
Completed 302 Found in 16ms (ActiveRecord: 15.6ms)


Started GET "/categories/4" for 127.0.0.1 at 2015-12-25 15:49:29 +0900
Processing by CategoriesController#show as HTML
  Parameters: {"id"=>"4"}
  [1m[36mCategory Load (0.0ms)[0m  [1mSELECT  "categories".* FROM "categories"  WHERE "categories"."id" = ? LIMIT 1[0m  [["id", 4]]
  Rendered categories/show.html.erb within layouts/application (0.0ms)
Completed 200 OK in 94ms (Views: 93.6ms | ActiveRecord: 0.0ms)


Started GET "/assets/tasks.css?body=1" for 127.0.0.1 at 2015-12-25 15:49:29 +0900


Started GET "/assets/users.css?body=1" for 127.0.0.1 at 2015-12-25 15:49:29 +0900


Started GET "/assets/jquery.js?body=1" for 127.0.0.1 at 2015-12-25 15:49:29 +0900


Started GET "/assets/application.css?body=1" for 127.0.0.1 at 2015-12-25 15:49:29 +0900


Started GET "/assets/scaffolds.css?body=1" for 127.0.0.1 at 2015-12-25 15:49:29 +0900


Started GET "/assets/categories.css?body=1" for 127.0.0.1 at 2015-12-25 15:49:29 +0900


Started GET "/assets/jquery_ujs.js?body=1" for 127.0.0.1 at 2015-12-25 15:49:29 +0900


Started GET "/assets/turbolinks.js?body=1" for 127.0.0.1 at 2015-12-25 15:49:29 +0900


Started GET "/assets/categories.js?body=1" for 127.0.0.1 at 2015-12-25 15:49:29 +0900


Started GET "/assets/tasks.js?body=1" for 127.0.0.1 at 2015-12-25 15:49:29 +0900


Started GET "/assets/users.js?body=1" for 127.0.0.1 at 2015-12-25 15:49:29 +0900


Started GET "/assets/application.js?body=1" for 127.0.0.1 at 2015-12-25 15:49:29 +0900


Started GET "/categories" for 127.0.0.1 at 2015-12-25 15:49:31 +0900
Processing by CategoriesController#index as HTML
  [1m[35mCategory Load (0.0ms)[0m  SELECT "categories".* FROM "categories"
  Rendered categories/index.html.erb within layouts/application (10.0ms)
Completed 200 OK in 100ms (Views: 100.0ms | ActiveRecord: 0.0ms)
